<?xml version="1.0" encoding="UTF-8"?>
<testng-results ignored="0" total="2" passed="2" failed="0" skipped="0">
  <reporter-output>
  </reporter-output>
  <suite started-at="2022-12-18T11:43:04 EST" name="Default suite" finished-at="2022-12-18T11:43:12 EST" duration-ms="8267">
    <groups>
    </groups>
    <test started-at="2022-12-18T11:43:04 EST" name="Default test" finished-at="2022-12-18T11:43:12 EST" duration-ms="8267">
      <class name="TestNG.Annotation">
        <test-method is-config="true" signature="setup()[pri:0, instance:TestNG.Annotation@32502377]" started-at="2022-12-18T11:42:44 EST" name="setup" finished-at="2022-12-18T11:43:04 EST" duration-ms="20335" status="PASS">
          <reporter-output>
          </reporter-output>
        </test-method> <!-- setup -->
        <test-method signature="art()[pri:0, instance:TestNG.Annotation@32502377]" started-at="2022-12-18T11:43:04 EST" name="art" finished-at="2022-12-18T11:43:09 EST" duration-ms="5329" status="PASS">
          <reporter-output>
          </reporter-output>
        </test-method> <!-- art -->
        <test-method signature="open()[pri:0, instance:TestNG.Annotation@32502377]" started-at="2022-12-18T11:43:09 EST" name="open" finished-at="2022-12-18T11:43:12 EST" duration-ms="2886" status="PASS">
          <reporter-output>
          </reporter-output>
        </test-method> <!-- open -->
        <test-method is-config="true" signature="tearDown()[pri:0, instance:TestNG.Annotation@32502377]" started-at="2022-12-18T11:43:12 EST" name="tearDown" finished-at="2022-12-18T11:43:17 EST" duration-ms="4565" status="PASS">
          <reporter-output>
          </reporter-output>
        </test-method> <!-- tearDown -->
      </class> <!-- TestNG.Annotation -->
    </test> <!-- Default test -->
  </suite> <!-- Default suite -->
</testng-results>
