<?xml version="1.0" encoding="UTF-8"?>
<testng-results ignored="0" total="1" passed="1" failed="0" skipped="0">
  <reporter-output>
  </reporter-output>
  <suite started-at="2023-05-03T17:20:16 EDT" name="Default suite" finished-at="2023-05-03T17:22:00 EDT" duration-ms="104428">
    <groups>
    </groups>
    <test started-at="2023-05-03T17:20:16 EDT" name="Default test" finished-at="2023-05-03T17:22:00 EDT" duration-ms="104428">
      <class name="ca.orbit5.project.OrderCompleteTest">
        <test-method is-config="true" signature="setup()[pri:0, instance:ca.orbit5.project.OrderCompleteTest@63376bed]" started-at="2023-05-03T17:20:16 EDT" name="setup" finished-at="2023-05-03T17:20:32 EDT" duration-ms="16592" status="PASS">
          <reporter-output>
          </reporter-output>
        </test-method> <!-- setup -->
        <test-method signature="endtoEndTest()[pri:0, instance:ca.orbit5.project.OrderCompleteTest@63376bed]" started-at="2023-05-03T17:20:32 EDT" name="endtoEndTest" finished-at="2023-05-03T17:22:00 EDT" duration-ms="87692" status="PASS">
          <reporter-output>
          </reporter-output>
        </test-method> <!-- endtoEndTest -->
        <test-method is-config="true" signature="teardown()[pri:0, instance:ca.orbit5.project.OrderCompleteTest@63376bed]" started-at="2023-05-03T17:22:00 EDT" name="teardown" finished-at="2023-05-03T17:22:00 EDT" duration-ms="80" status="PASS">
          <reporter-output>
          </reporter-output>
        </test-method> <!-- teardown -->
      </class> <!-- ca.orbit5.project.OrderCompleteTest -->
    </test> <!-- Default test -->
  </suite> <!-- Default suite -->
</testng-results>
